  [1m[35m (200.7ms)[0m  [1m[35mCREATE DATABASE "your_database_name_development" ENCODING = 'unicode'[0m
  [1m[35m (154.6ms)[0m  [1m[35mCREATE DATABASE "your_database_name_test" ENCODING = 'unicode'[0m
  [1m[35m (1.8ms)[0m  [1m[35mCREATE DATABASE "your_database_name_development" ENCODING = 'unicode'[0m
  [1m[35m (201.5ms)[0m  [1m[35mCREATE DATABASE "dhaka-ati_test" ENCODING = 'unicode'[0m
  [1m[35m (150.9ms)[0m  [1m[35mCREATE DATABASE "dhaka-ati_development" ENCODING = 'unicode'[0m
  [1m[35m (1.3ms)[0m  [1m[35mCREATE DATABASE "dhaka-ati_test" ENCODING = 'unicode'[0m
  [1m[35m (16.7ms)[0m  [1m[35mCREATE TABLE "schema_migrations" ("version" character varying NOT NULL PRIMARY KEY)[0m
  [1m[35m (13.1ms)[0m  [1m[35mCREATE TABLE "ar_internal_metadata" ("key" character varying NOT NULL PRIMARY KEY, "value" character varying, "created_at" timestamp(6) NOT NULL, "updated_at" timestamp(6) NOT NULL)[0m
  [1m[35m (0.6ms)[0m  [1m[34mSELECT pg_try_advisory_lock(5876340603089436585)[0m
  [1m[36mActiveRecord::SchemaMigration Load (1.1ms)[0m  [1m[34mSELECT "schema_migrations"."version" FROM "schema_migrations" ORDER BY "schema_migrations"."version" ASC[0m
  [1m[36mActiveRecord::InternalMetadata Load (1.9ms)[0m  [1m[34mSELECT * FROM "ar_internal_metadata" WHERE "ar_internal_metadata"."key" = $1 ORDER BY "ar_internal_metadata"."key" ASC LIMIT 1[0m  [[nil, "environment"]]
  [1m[36mActiveRecord::InternalMetadata Create (2.1ms)[0m  [1m[32mINSERT INTO "ar_internal_metadata" ("key", "value", "created_at", "updated_at") VALUES ('environment', 'development', '2024-06-16 05:31:55.748332', '2024-06-16 05:31:55.748340') RETURNING "key"[0m
Migrating to CreateBooks (20231223152935)
  [1m[36mTRANSACTION (0.5ms)[0m  [1m[35mBEGIN[0m
  [1m[35m (18.2ms)[0m  [1m[35mCREATE TABLE "books" ("id" bigserial primary key, "title" character varying, "author" character varying, "page" integer, "created_at" timestamp(6) NOT NULL, "updated_at" timestamp(6) NOT NULL)[0m
  [1m[36mActiveRecord::SchemaMigration Create (1.2ms)[0m  [1m[32mINSERT INTO "schema_migrations" ("version") VALUES ('20231223152935') RETURNING "version"[0m
  [1m[36mTRANSACTION (2.0ms)[0m  [1m[35mCOMMIT[0m
Migrating to CreateUsers (20231224062803)
  [1m[36mTRANSACTION (0.7ms)[0m  [1m[35mBEGIN[0m
  [1m[35m (15.8ms)[0m  [1m[35mCREATE TABLE "users" ("id" bigserial primary key, "name" character varying, "email" character varying, "password_digest" character varying, "created_at" timestamp(6) NOT NULL, "updated_at" timestamp(6) NOT NULL)[0m
  [1m[36mActiveRecord::SchemaMigration Create (0.9ms)[0m  [1m[32mINSERT INTO "schema_migrations" ("version") VALUES ('20231224062803') RETURNING "version"[0m
  [1m[36mTRANSACTION (2.0ms)[0m  [1m[35mCOMMIT[0m
Migrating to CreateApiTokens (20231224085028)
  [1m[36mTRANSACTION (0.6ms)[0m  [1m[35mBEGIN[0m
  [1m[35m (15.0ms)[0m  [1m[35mCREATE TABLE "api_tokens" ("id" bigserial primary key, "user_id" bigint NOT NULL, "token" text NOT NULL, "active" boolean DEFAULT TRUE, "expired_at" timestamp(6), "created_by_id" bigint, "updated_by_id" bigint, "created_by_type" character varying, "updated_by_type" character varying, "created_at" timestamp(6) NOT NULL, "updated_at" timestamp(6) NOT NULL, CONSTRAINT "fk_rails_f16b5e0447"
FOREIGN KEY ("user_id")
  REFERENCES "users" ("id")
)[0m
  [1m[35m (5.3ms)[0m  [1m[35mCREATE INDEX "index_api_tokens_on_user_id" ON "api_tokens" ("user_id")[0m
  [1m[36mActiveRecord::SchemaMigration Create (0.8ms)[0m  [1m[32mINSERT INTO "schema_migrations" ("version") VALUES ('20231224085028') RETURNING "version"[0m
  [1m[36mTRANSACTION (1.8ms)[0m  [1m[35mCOMMIT[0m
Migrating to CreateRooms (20240108171414)
  [1m[36mTRANSACTION (0.6ms)[0m  [1m[35mBEGIN[0m
  [1m[35m (19.2ms)[0m  [1m[35mCREATE TABLE "rooms" ("id" bigserial primary key, "title" character varying, "user_id" bigint NOT NULL, "created_at" timestamp(6) NOT NULL, "updated_at" timestamp(6) NOT NULL, CONSTRAINT "fk_rails_a63cab0c67"
FOREIGN KEY ("user_id")
  REFERENCES "users" ("id")
)[0m
  [1m[35m (5.4ms)[0m  [1m[35mCREATE INDEX "index_rooms_on_user_id" ON "rooms" ("user_id")[0m
  [1m[36mActiveRecord::SchemaMigration Create (0.8ms)[0m  [1m[32mINSERT INTO "schema_migrations" ("version") VALUES ('20240108171414') RETURNING "version"[0m
  [1m[36mTRANSACTION (1.9ms)[0m  [1m[35mCOMMIT[0m
Migrating to CreateMembers (20240108172053)
  [1m[36mTRANSACTION (0.6ms)[0m  [1m[35mBEGIN[0m
  [1m[35m (12.3ms)[0m  [1m[35mCREATE TABLE "members" ("id" bigserial primary key, "room_id" bigint NOT NULL, "created_at" timestamp(6) NOT NULL, "updated_at" timestamp(6) NOT NULL, CONSTRAINT "fk_rails_2b31613a92"
FOREIGN KEY ("room_id")
  REFERENCES "rooms" ("id")
)[0m
  [1m[35m (4.9ms)[0m  [1m[35mCREATE INDEX "index_members_on_room_id" ON "members" ("room_id")[0m
  [1m[36mActiveRecord::SchemaMigration Create (0.9ms)[0m  [1m[32mINSERT INTO "schema_migrations" ("version") VALUES ('20240108172053') RETURNING "version"[0m
  [1m[36mTRANSACTION (2.0ms)[0m  [1m[35mCOMMIT[0m
Migrating to CreateInvitationKeys (20240108172453)
  [1m[36mTRANSACTION (0.7ms)[0m  [1m[35mBEGIN[0m
  [1m[35m (17.4ms)[0m  [1m[35mCREATE TABLE "invitation_keys" ("id" bigserial primary key, "key" character varying, "room_id" bigint NOT NULL, "created_at" timestamp(6) NOT NULL, "updated_at" timestamp(6) NOT NULL, CONSTRAINT "fk_rails_8dee272433"
FOREIGN KEY ("room_id")
  REFERENCES "rooms" ("id")
)[0m
  [1m[35m (5.8ms)[0m  [1m[35mCREATE INDEX "index_invitation_keys_on_room_id" ON "invitation_keys" ("room_id")[0m
  [1m[36mActiveRecord::SchemaMigration Create (0.9ms)[0m  [1m[32mINSERT INTO "schema_migrations" ("version") VALUES ('20240108172453') RETURNING "version"[0m
  [1m[36mTRANSACTION (2.0ms)[0m  [1m[35mCOMMIT[0m
Migrating to AddExpireAtToInvitationKy (20240114155151)
  [1m[36mTRANSACTION (0.7ms)[0m  [1m[35mBEGIN[0m
  [1m[35m (4.1ms)[0m  [1m[35mALTER TABLE "invitation_keys" ADD "expire_at" timestamp(6)[0m
  [1m[36mActiveRecord::SchemaMigration Create (0.9ms)[0m  [1m[32mINSERT INTO "schema_migrations" ("version") VALUES ('20240114155151') RETURNING "version"[0m
  [1m[36mTRANSACTION (1.9ms)[0m  [1m[35mCOMMIT[0m
Migrating to AddUserIdToMember (20240129181140)
  [1m[36mTRANSACTION (0.5ms)[0m  [1m[35mBEGIN[0m
  [1m[35m (3.9ms)[0m  [1m[35mALTER TABLE "members" ADD "user_id" integer[0m
  [1m[36mActiveRecord::SchemaMigration Create (0.7ms)[0m  [1m[32mINSERT INTO "schema_migrations" ("version") VALUES ('20240129181140') RETURNING "version"[0m
  [1m[36mTRANSACTION (1.8ms)[0m  [1m[35mCOMMIT[0m
  [1m[35m (0.9ms)[0m  [1m[34mSELECT pg_advisory_unlock(5876340603089436585)[0m
  [1m[36mActiveRecord::SchemaMigration Load (0.8ms)[0m  [1m[34mSELECT "schema_migrations"."version" FROM "schema_migrations" ORDER BY "schema_migrations"."version" ASC[0m
Started GET "/api/v1/user_auths" for 127.0.0.1 at 2024-06-16 11:42:37 +0600
  [1m[36mActiveRecord::SchemaMigration Load (2.1ms)[0m  [1m[34mSELECT "schema_migrations"."version" FROM "schema_migrations" ORDER BY "schema_migrations"."version" ASC[0m
  [1m[36mApiToken Load (1.4ms)[0m  [1m[34mSELECT "api_tokens".* FROM "api_tokens" WHERE "api_tokens"."token" = $1 LIMIT $2[0m  [["token", "[FILTERED]"], ["LIMIT", 1]]
  ↳ app/controllers/api/v1/base.rb:41:in `authenticated!'
Started POST "/api/v1/user_auths/registration" for 127.0.0.1 at 2024-06-16 11:44:38 +0600
  [1m[36mApiToken Load (0.9ms)[0m  [1m[34mSELECT "api_tokens".* FROM "api_tokens" WHERE "api_tokens"."token" = $1 LIMIT $2[0m  [["token", "[FILTERED]"], ["LIMIT", 1]]
  ↳ app/controllers/api/v1/base.rb:27:in `block in <class:Base>'
Authentication optional for this endpoint
  [1m[36mTRANSACTION (0.6ms)[0m  [1m[35mBEGIN[0m
  ↳ app/controllers/api/v1/user_auths.rb:48:in `block (2 levels) in <class:UserAuths>'
  [1m[36mUser Exists? (1.9ms)[0m  [1m[34mSELECT 1 AS one FROM "users" WHERE LOWER("users"."email") = LOWER($1) LIMIT $2[0m  [["email", "ati_bangladesh@gmail.com"], ["LIMIT", 1]]
  ↳ app/controllers/api/v1/user_auths.rb:48:in `block (2 levels) in <class:UserAuths>'
  [1m[36mUser Create (1.8ms)[0m  [1m[32mINSERT INTO "users" ("name", "email", "password_digest", "created_at", "updated_at") VALUES ($1, $2, $3, $4, $5) RETURNING "id"[0m  [["name", "Ati raju"], ["email", "ati_bangladesh@gmail.com"], ["password_digest", "[FILTERED]"], ["created_at", "2024-06-16 05:44:39.606273"], ["updated_at", "2024-06-16 05:44:39.606273"]]
  ↳ app/controllers/api/v1/user_auths.rb:48:in `block (2 levels) in <class:UserAuths>'
  [1m[36mTRANSACTION (9.8ms)[0m  [1m[35mCOMMIT[0m
  ↳ app/controllers/api/v1/user_auths.rb:48:in `block (2 levels) in <class:UserAuths>'
Started POST "/api/v1/user_auths/login" for 127.0.0.1 at 2024-06-16 11:45:04 +0600
  [1m[36mApiToken Load (0.8ms)[0m  [1m[34mSELECT "api_tokens".* FROM "api_tokens" WHERE "api_tokens"."token" = $1 LIMIT $2[0m  [["token", "[FILTERED]"], ["LIMIT", 1]]
  ↳ app/controllers/api/v1/base.rb:27:in `block in <class:Base>'
Authentication optional for this endpoint
  [1m[36mUser Load (0.8ms)[0m  [1m[34mSELECT "users".* FROM "users" WHERE "users"."email" = $1 LIMIT $2[0m  [["email", "ati_bangladesh@gmail.com"], ["LIMIT", 1]]
  ↳ app/controllers/api/v1/user_auths.rb:30:in `block (2 levels) in <class:UserAuths>'
  [1m[36mTRANSACTION (0.5ms)[0m  [1m[35mBEGIN[0m
  ↳ app/controllers/api/v1/user_auths.rb:35:in `block (2 levels) in <class:UserAuths>'
  [1m[36mApiToken Create (5.7ms)[0m  [1m[32mINSERT INTO "api_tokens" ("user_id", "token", "active", "expired_at", "created_by_id", "updated_by_id", "created_by_type", "updated_by_type", "created_at", "updated_at") VALUES ($1, $2, $3, $4, $5, $6, $7, $8, $9, $10) RETURNING "id"[0m  [["user_id", 1], ["token", "[FILTERED]"], ["active", true], ["expired_at", "2024-07-16 05:45:05.460512"], ["created_by_id", nil], ["updated_by_id", nil], ["created_by_type", nil], ["updated_by_type", nil], ["created_at", "2024-06-16 05:45:06.187395"], ["updated_at", "2024-06-16 05:45:06.187395"]]
  ↳ app/controllers/api/v1/user_auths.rb:35:in `block (2 levels) in <class:UserAuths>'
  [1m[36mTRANSACTION (4.5ms)[0m  [1m[35mCOMMIT[0m
  ↳ app/controllers/api/v1/user_auths.rb:35:in `block (2 levels) in <class:UserAuths>'
  [1m[35m (0.7ms)[0m  [1m[34mSELECT pg_try_advisory_lock(5876340603089436585)[0m
  [1m[36mActiveRecord::SchemaMigration Load (2.4ms)[0m  [1m[34mSELECT "schema_migrations"."version" FROM "schema_migrations" ORDER BY "schema_migrations"."version" ASC[0m
  [1m[36mActiveRecord::InternalMetadata Load (2.5ms)[0m  [1m[34mSELECT * FROM "ar_internal_metadata" WHERE "ar_internal_metadata"."key" = $1 ORDER BY "ar_internal_metadata"."key" ASC LIMIT 1[0m  [[nil, "environment"]]
Migrating to AddTwoFieldsToRoom (20240618124528)
  [1m[36mTRANSACTION (0.5ms)[0m  [1m[35mBEGIN[0m
  [1m[35m (5.1ms)[0m  [1m[35mALTER TABLE "rooms" ADD "is_block" boolean DEFAULT FALSE[0m
  [1m[35m (1.1ms)[0m  [1m[35mALTER TABLE "rooms" ADD "description" character varying[0m
  [1m[36mActiveRecord::SchemaMigration Create (1.1ms)[0m  [1m[32mINSERT INTO "schema_migrations" ("version") VALUES ('20240618124528') RETURNING "version"[0m
  [1m[36mTRANSACTION (2.2ms)[0m  [1m[35mCOMMIT[0m
  [1m[35m (1.3ms)[0m  [1m[34mSELECT pg_advisory_unlock(5876340603089436585)[0m
  [1m[36mActiveRecord::SchemaMigration Load (0.9ms)[0m  [1m[34mSELECT "schema_migrations"."version" FROM "schema_migrations" ORDER BY "schema_migrations"."version" ASC[0m
  [1m[36mMember Load (1.9ms)[0m  [1m[34mSELECT "members".* FROM "members" ORDER BY "members"."id" DESC LIMIT $1[0m  [["LIMIT", 1]]
  [1m[36mUser Load (10.8ms)[0m  [1m[34mSELECT "users".* FROM "users" ORDER BY "users"."id" DESC LIMIT $1[0m  [["LIMIT", 1]]
Started POST "/api/v1/user_auths/login" for 127.0.0.1 at 2024-06-21 22:10:11 +0600
  [1m[36mActiveRecord::SchemaMigration Load (2.8ms)[0m  [1m[34mSELECT "schema_migrations"."version" FROM "schema_migrations" ORDER BY "schema_migrations"."version" ASC[0m
  [1m[36mApiToken Load (2.5ms)[0m  [1m[34mSELECT "api_tokens".* FROM "api_tokens" WHERE "api_tokens"."token" = $1 LIMIT $2[0m  [["token", "[FILTERED]"], ["LIMIT", 1]]
  ↳ app/controllers/api/v1/base.rb:27:in `block in <class:Base>'
Authentication optional for this endpoint
  [1m[36mUser Load (1.8ms)[0m  [1m[34mSELECT "users".* FROM "users" WHERE "users"."email" = $1 LIMIT $2[0m  [["email", "ati_bangladesh@gmail.com"], ["LIMIT", 1]]
  ↳ app/controllers/api/v1/user_auths.rb:30:in `block (2 levels) in <class:UserAuths>'
  [1m[36mTRANSACTION (0.5ms)[0m  [1m[35mBEGIN[0m
  ↳ app/controllers/api/v1/user_auths.rb:35:in `block (2 levels) in <class:UserAuths>'
  [1m[36mApiToken Create (16.5ms)[0m  [1m[32mINSERT INTO "api_tokens" ("user_id", "token", "active", "expired_at", "created_by_id", "updated_by_id", "created_by_type", "updated_by_type", "created_at", "updated_at") VALUES ($1, $2, $3, $4, $5, $6, $7, $8, $9, $10) RETURNING "id"[0m  [["user_id", 1], ["token", "[FILTERED]"], ["active", true], ["expired_at", "2024-07-21 16:10:13.088807"], ["created_by_id", nil], ["updated_by_id", nil], ["created_by_type", nil], ["updated_by_type", nil], ["created_at", "2024-06-21 16:10:13.857430"], ["updated_at", "2024-06-21 16:10:13.857430"]]
  ↳ app/controllers/api/v1/user_auths.rb:35:in `block (2 levels) in <class:UserAuths>'
  [1m[36mTRANSACTION (2.6ms)[0m  [1m[35mCOMMIT[0m
  ↳ app/controllers/api/v1/user_auths.rb:35:in `block (2 levels) in <class:UserAuths>'
